  Scanning sources for module dependencies...
<<<<<<< HEAD
  Material.h
  Compiling...
  Material.h
C:\Program Files (x86)\Windows Kits\10\Include\10.0.22621.0\um\DirectXMath.h(252,21): warning C5260: the constant variable 'DirectX::XM_PI' has internal linkage in an included header file context, but external linkage in imported header unit context; consider declaring it 'inline' as well if it will be shared across translation units, or 'static' to express intent to use it local to this translation unit
  (compiling source file 'Material.h')
  
C:\Program Files (x86)\Windows Kits\10\Include\10.0.22621.0\um\DirectXMath.h(253,21): warning C5260: the constant variable 'DirectX::XM_2PI' has internal linkage in an included header file context, but external linkage in imported header unit context; consider declaring it 'inline' as well if it will be shared across translation units, or 'static' to express intent to use it local to this translation unit
  (compiling source file 'Material.h')
  
C:\Program Files (x86)\Windows Kits\10\Include\10.0.22621.0\um\DirectXMath.h(254,21): warning C5260: the constant variable 'DirectX::XM_1DIVPI' has internal linkage in an included header file context, but external linkage in imported header unit context; consider declaring it 'inline' as well if it will be shared across translation units, or 'static' to express intent to use it local to this translation unit
  (compiling source file 'Material.h')
  
C:\Program Files (x86)\Windows Kits\10\Include\10.0.22621.0\um\DirectXMath.h(255,21): warning C5260: the constant variable 'DirectX::XM_1DIV2PI' has internal linkage in an included header file context, but external linkage in imported header unit context; consider declaring it 'inline' as well if it will be shared across translation units, or 'static' to express intent to use it local to this translation unit
  (compiling source file 'Material.h')
  
C:\Program Files (x86)\Windows Kits\10\Include\10.0.22621.0\um\DirectXMath.h(256,21): warning C5260: the constant variable 'DirectX::XM_PIDIV2' has internal linkage in an included header file context, but external linkage in imported header unit context; consider declaring it 'inline' as well if it will be shared across translation units, or 'static' to express intent to use it local to this translation unit
  (compiling source file 'Material.h')
  
C:\Program Files (x86)\Windows Kits\10\Include\10.0.22621.0\um\DirectXMath.h(257,21): warning C5260: the constant variable 'DirectX::XM_PIDIV4' has internal linkage in an included header file context, but external linkage in imported header unit context; consider declaring it 'inline' as well if it will be shared across translation units, or 'static' to express intent to use it local to this translation unit
  (compiling source file 'Material.h')
  
C:\Program Files (x86)\Windows Kits\10\Include\10.0.22621.0\um\DirectXMath.h(259,24): warning C5260: the constant variable 'DirectX::XM_SELECT_0' has internal linkage in an included header file context, but external linkage in imported header unit context; consider declaring it 'inline' as well if it will be shared across translation units, or 'static' to express intent to use it local to this translation unit
  (compiling source file 'Material.h')
  
C:\Program Files (x86)\Windows Kits\10\Include\10.0.22621.0\um\DirectXMath.h(260,24): warning C5260: the constant variable 'DirectX::XM_SELECT_1' has internal linkage in an included header file context, but external linkage in imported header unit context; consider declaring it 'inline' as well if it will be shared across translation units, or 'static' to express intent to use it local to this translation unit
  (compiling source file 'Material.h')
  
C:\Program Files (x86)\Windows Kits\10\Include\10.0.22621.0\um\DirectXMath.h(262,24): warning C5260: the constant variable 'DirectX::XM_PERMUTE_0X' has internal linkage in an included header file context, but external linkage in imported header unit context; consider declaring it 'inline' as well if it will be shared across translation units, or 'static' to express intent to use it local to this translation unit
  (compiling source file 'Material.h')
  
C:\Program Files (x86)\Windows Kits\10\Include\10.0.22621.0\um\DirectXMath.h(263,24): warning C5260: the constant variable 'DirectX::XM_PERMUTE_0Y' has internal linkage in an included header file context, but external linkage in imported header unit context; consider declaring it 'inline' as well if it will be shared across translation units, or 'static' to express intent to use it local to this translation unit
  (compiling source file 'Material.h')
  
C:\Program Files (x86)\Windows Kits\10\Include\10.0.22621.0\um\DirectXMath.h(264,24): warning C5260: the constant variable 'DirectX::XM_PERMUTE_0Z' has internal linkage in an included header file context, but external linkage in imported header unit context; consider declaring it 'inline' as well if it will be shared across translation units, or 'static' to express intent to use it local to this translation unit
  (compiling source file 'Material.h')
  
C:\Program Files (x86)\Windows Kits\10\Include\10.0.22621.0\um\DirectXMath.h(265,24): warning C5260: the constant variable 'DirectX::XM_PERMUTE_0W' has internal linkage in an included header file context, but external linkage in imported header unit context; consider declaring it 'inline' as well if it will be shared across translation units, or 'static' to express intent to use it local to this translation unit
  (compiling source file 'Material.h')
  
C:\Program Files (x86)\Windows Kits\10\Include\10.0.22621.0\um\DirectXMath.h(266,24): warning C5260: the constant variable 'DirectX::XM_PERMUTE_1X' has internal linkage in an included header file context, but external linkage in imported header unit context; consider declaring it 'inline' as well if it will be shared across translation units, or 'static' to express intent to use it local to this translation unit
  (compiling source file 'Material.h')
  
C:\Program Files (x86)\Windows Kits\10\Include\10.0.22621.0\um\DirectXMath.h(267,24): warning C5260: the constant variable 'DirectX::XM_PERMUTE_1Y' has internal linkage in an included header file context, but external linkage in imported header unit context; consider declaring it 'inline' as well if it will be shared across translation units, or 'static' to express intent to use it local to this translation unit
  (compiling source file 'Material.h')
  
C:\Program Files (x86)\Windows Kits\10\Include\10.0.22621.0\um\DirectXMath.h(268,24): warning C5260: the constant variable 'DirectX::XM_PERMUTE_1Z' has internal linkage in an included header file context, but external linkage in imported header unit context; consider declaring it 'inline' as well if it will be shared across translation units, or 'static' to express intent to use it local to this translation unit
  (compiling source file 'Material.h')
  
C:\Program Files (x86)\Windows Kits\10\Include\10.0.22621.0\um\DirectXMath.h(269,24): warning C5260: the constant variable 'DirectX::XM_PERMUTE_1W' has internal linkage in an included header file context, but external linkage in imported header unit context; consider declaring it 'inline' as well if it will be shared across translation units, or 'static' to express intent to use it local to this translation unit
  (compiling source file 'Material.h')
  
C:\Program Files (x86)\Windows Kits\10\Include\10.0.22621.0\um\DirectXMath.h(271,24): warning C5260: the constant variable 'DirectX::XM_SWIZZLE_X' has internal linkage in an included header file context, but external linkage in imported header unit context; consider declaring it 'inline' as well if it will be shared across translation units, or 'static' to express intent to use it local to this translation unit
  (compiling source file 'Material.h')
  
C:\Program Files (x86)\Windows Kits\10\Include\10.0.22621.0\um\DirectXMath.h(272,24): warning C5260: the constant variable 'DirectX::XM_SWIZZLE_Y' has internal linkage in an included header file context, but external linkage in imported header unit context; consider declaring it 'inline' as well if it will be shared across translation units, or 'static' to express intent to use it local to this translation unit
  (compiling source file 'Material.h')
  
C:\Program Files (x86)\Windows Kits\10\Include\10.0.22621.0\um\DirectXMath.h(273,24): warning C5260: the constant variable 'DirectX::XM_SWIZZLE_Z' has internal linkage in an included header file context, but external linkage in imported header unit context; consider declaring it 'inline' as well if it will be shared across translation units, or 'static' to express intent to use it local to this translation unit
  (compiling source file 'Material.h')
  
C:\Program Files (x86)\Windows Kits\10\Include\10.0.22621.0\um\DirectXMath.h(274,24): warning C5260: the constant variable 'DirectX::XM_SWIZZLE_W' has internal linkage in an included header file context, but external linkage in imported header unit context; consider declaring it 'inline' as well if it will be shared across translation units, or 'static' to express intent to use it local to this translation unit
  (compiling source file 'Material.h')
  
C:\Program Files (x86)\Windows Kits\10\Include\10.0.22621.0\um\DirectXMath.h(276,24): warning C5260: the constant variable 'DirectX::XM_CRMASK_CR6' has internal linkage in an included header file context, but external linkage in imported header unit context; consider declaring it 'inline' as well if it will be shared across translation units, or 'static' to express intent to use it local to this translation unit
  (compiling source file 'Material.h')
  
C:\Program Files (x86)\Windows Kits\10\Include\10.0.22621.0\um\DirectXMath.h(277,24): warning C5260: the constant variable 'DirectX::XM_CRMASK_CR6TRUE' has internal linkage in an included header file context, but external linkage in imported header unit context; consider declaring it 'inline' as well if it will be shared across translation units, or 'static' to express intent to use it local to this translation unit
  (compiling source file 'Material.h')
  
C:\Program Files (x86)\Windows Kits\10\Include\10.0.22621.0\um\DirectXMath.h(278,24): warning C5260: the constant variable 'DirectX::XM_CRMASK_CR6FALSE' has internal linkage in an included header file context, but external linkage in imported header unit context; consider declaring it 'inline' as well if it will be shared across translation units, or 'static' to express intent to use it local to this translation unit
  (compiling source file 'Material.h')
  
C:\Program Files (x86)\Windows Kits\10\Include\10.0.22621.0\um\DirectXMath.h(279,24): warning C5260: the constant variable 'DirectX::XM_CRMASK_CR6BOUNDS' has internal linkage in an included header file context, but external linkage in imported header unit context; consider declaring it 'inline' as well if it will be shared across translation units, or 'static' to express intent to use it local to this translation unit
  (compiling source file 'Material.h')
  
C:\Program Files (x86)\Windows Kits\10\Include\10.0.22621.0\um\DirectXMath.h(284,22): warning C5260: the constant variable 'DirectX::XM_CACHE_LINE_SIZE' has internal linkage in an included header file context, but external linkage in imported header unit context; consider declaring it 'inline' as well if it will be shared across translation units, or 'static' to express intent to use it local to this translation unit
  (compiling source file 'Material.h')
  
  Game.cpp
  GameEntity.cpp
  Main.cpp
  Material.cpp
  Generating Code...
=======
  Game.cpp
E:\School\IGME-540\A08 - Textures\Material.h(52,26): warning C4267: 'return': conversion from 'size_t' to 'int', possible loss of data
  (compiling source file 'Game.cpp')
  
     Creating library E:\School\IGME-540\A08 - Textures\x64\Debug\A08_Textures.lib and object E:\School\IGME-540\A08 - Textures\x64\Debug\A08_Textures.exp
>>>>>>> ca58eb2981051824c896a118426781cd4e3e6f90
  A02_Dear_ImGui.vcxproj -> E:\School\IGME-540\A08 - Textures\x64\Debug\A08_Textures.exe
