  compilation object save succeeded; see E:\School\IGME-540\A11 - Gamma & PBR\x64\Debug\FancyPixelShader.cso
  compilation object save succeeded; see E:\School\IGME-540\A11 - Gamma & PBR\x64\Debug\NormalPixelShader.cso
  compilation object save succeeded; see E:\School\IGME-540\A11 - Gamma & PBR\x64\Debug\PixelShader.cso
  compilation object save succeeded; see E:\School\IGME-540\A11 - Gamma & PBR\x64\Debug\SkyPixelShader.cso
  compilation object save succeeded; see E:\School\IGME-540\A11 - Gamma & PBR\x64\Debug\SkyVertexShader.cso
  compilation object save succeeded; see E:\School\IGME-540\A11 - Gamma & PBR\x64\Debug\UVPixelShader.cso
  compilation object save succeeded; see E:\School\IGME-540\A11 - Gamma & PBR\x64\Debug\VertexShader.cso
  Scanning sources for module dependencies...
  Material.h
  Compiling...
  Material.h
C:\Program Files (x86)\Windows Kits\10\Include\10.0.22621.0\um\DirectXMath.h(252,21): warning C5260: the constant variable 'DirectX::XM_PI' has internal linkage in an included header file context, but external linkage in imported header unit context; consider declaring it 'inline' as well if it will be shared across translation units, or 'static' to express intent to use it local to this translation unit
  (compiling source file 'Material.h')
  
C:\Program Files (x86)\Windows Kits\10\Include\10.0.22621.0\um\DirectXMath.h(253,21): warning C5260: the constant variable 'DirectX::XM_2PI' has internal linkage in an included header file context, but external linkage in imported header unit context; consider declaring it 'inline' as well if it will be shared across translation units, or 'static' to express intent to use it local to this translation unit
  (compiling source file 'Material.h')
  
C:\Program Files (x86)\Windows Kits\10\Include\10.0.22621.0\um\DirectXMath.h(254,21): warning C5260: the constant variable 'DirectX::XM_1DIVPI' has internal linkage in an included header file context, but external linkage in imported header unit context; consider declaring it 'inline' as well if it will be shared across translation units, or 'static' to express intent to use it local to this translation unit
  (compiling source file 'Material.h')
  
C:\Program Files (x86)\Windows Kits\10\Include\10.0.22621.0\um\DirectXMath.h(255,21): warning C5260: the constant variable 'DirectX::XM_1DIV2PI' has internal linkage in an included header file context, but external linkage in imported header unit context; consider declaring it 'inline' as well if it will be shared across translation units, or 'static' to express intent to use it local to this translation unit
  (compiling source file 'Material.h')
  
C:\Program Files (x86)\Windows Kits\10\Include\10.0.22621.0\um\DirectXMath.h(256,21): warning C5260: the constant variable 'DirectX::XM_PIDIV2' has internal linkage in an included header file context, but external linkage in imported header unit context; consider declaring it 'inline' as well if it will be shared across translation units, or 'static' to express intent to use it local to this translation unit
  (compiling source file 'Material.h')
  
C:\Program Files (x86)\Windows Kits\10\Include\10.0.22621.0\um\DirectXMath.h(257,21): warning C5260: the constant variable 'DirectX::XM_PIDIV4' has internal linkage in an included header file context, but external linkage in imported header unit context; consider declaring it 'inline' as well if it will be shared across translation units, or 'static' to express intent to use it local to this translation unit
  (compiling source file 'Material.h')
  
C:\Program Files (x86)\Windows Kits\10\Include\10.0.22621.0\um\DirectXMath.h(259,24): warning C5260: the constant variable 'DirectX::XM_SELECT_0' has internal linkage in an included header file context, but external linkage in imported header unit context; consider declaring it 'inline' as well if it will be shared across translation units, or 'static' to express intent to use it local to this translation unit
  (compiling source file 'Material.h')
  
C:\Program Files (x86)\Windows Kits\10\Include\10.0.22621.0\um\DirectXMath.h(260,24): warning C5260: the constant variable 'DirectX::XM_SELECT_1' has internal linkage in an included header file context, but external linkage in imported header unit context; consider declaring it 'inline' as well if it will be shared across translation units, or 'static' to express intent to use it local to this translation unit
  (compiling source file 'Material.h')
  
C:\Program Files (x86)\Windows Kits\10\Include\10.0.22621.0\um\DirectXMath.h(262,24): warning C5260: the constant variable 'DirectX::XM_PERMUTE_0X' has internal linkage in an included header file context, but external linkage in imported header unit context; consider declaring it 'inline' as well if it will be shared across translation units, or 'static' to express intent to use it local to this translation unit
  (compiling source file 'Material.h')
  
C:\Program Files (x86)\Windows Kits\10\Include\10.0.22621.0\um\DirectXMath.h(263,24): warning C5260: the constant variable 'DirectX::XM_PERMUTE_0Y' has internal linkage in an included header file context, but external linkage in imported header unit context; consider declaring it 'inline' as well if it will be shared across translation units, or 'static' to express intent to use it local to this translation unit
  (compiling source file 'Material.h')
  
C:\Program Files (x86)\Windows Kits\10\Include\10.0.22621.0\um\DirectXMath.h(264,24): warning C5260: the constant variable 'DirectX::XM_PERMUTE_0Z' has internal linkage in an included header file context, but external linkage in imported header unit context; consider declaring it 'inline' as well if it will be shared across translation units, or 'static' to express intent to use it local to this translation unit
  (compiling source file 'Material.h')
  
C:\Program Files (x86)\Windows Kits\10\Include\10.0.22621.0\um\DirectXMath.h(265,24): warning C5260: the constant variable 'DirectX::XM_PERMUTE_0W' has internal linkage in an included header file context, but external linkage in imported header unit context; consider declaring it 'inline' as well if it will be shared across translation units, or 'static' to express intent to use it local to this translation unit
  (compiling source file 'Material.h')
  
C:\Program Files (x86)\Windows Kits\10\Include\10.0.22621.0\um\DirectXMath.h(266,24): warning C5260: the constant variable 'DirectX::XM_PERMUTE_1X' has internal linkage in an included header file context, but external linkage in imported header unit context; consider declaring it 'inline' as well if it will be shared across translation units, or 'static' to express intent to use it local to this translation unit
  (compiling source file 'Material.h')
  
C:\Program Files (x86)\Windows Kits\10\Include\10.0.22621.0\um\DirectXMath.h(267,24): warning C5260: the constant variable 'DirectX::XM_PERMUTE_1Y' has internal linkage in an included header file context, but external linkage in imported header unit context; consider declaring it 'inline' as well if it will be shared across translation units, or 'static' to express intent to use it local to this translation unit
  (compiling source file 'Material.h')
  
C:\Program Files (x86)\Windows Kits\10\Include\10.0.22621.0\um\DirectXMath.h(268,24): warning C5260: the constant variable 'DirectX::XM_PERMUTE_1Z' has internal linkage in an included header file context, but external linkage in imported header unit context; consider declaring it 'inline' as well if it will be shared across translation units, or 'static' to express intent to use it local to this translation unit
  (compiling source file 'Material.h')
  
C:\Program Files (x86)\Windows Kits\10\Include\10.0.22621.0\um\DirectXMath.h(269,24): warning C5260: the constant variable 'DirectX::XM_PERMUTE_1W' has internal linkage in an included header file context, but external linkage in imported header unit context; consider declaring it 'inline' as well if it will be shared across translation units, or 'static' to express intent to use it local to this translation unit
  (compiling source file 'Material.h')
  
C:\Program Files (x86)\Windows Kits\10\Include\10.0.22621.0\um\DirectXMath.h(271,24): warning C5260: the constant variable 'DirectX::XM_SWIZZLE_X' has internal linkage in an included header file context, but external linkage in imported header unit context; consider declaring it 'inline' as well if it will be shared across translation units, or 'static' to express intent to use it local to this translation unit
  (compiling source file 'Material.h')
  
C:\Program Files (x86)\Windows Kits\10\Include\10.0.22621.0\um\DirectXMath.h(272,24): warning C5260: the constant variable 'DirectX::XM_SWIZZLE_Y' has internal linkage in an included header file context, but external linkage in imported header unit context; consider declaring it 'inline' as well if it will be shared across translation units, or 'static' to express intent to use it local to this translation unit
  (compiling source file 'Material.h')
  
C:\Program Files (x86)\Windows Kits\10\Include\10.0.22621.0\um\DirectXMath.h(273,24): warning C5260: the constant variable 'DirectX::XM_SWIZZLE_Z' has internal linkage in an included header file context, but external linkage in imported header unit context; consider declaring it 'inline' as well if it will be shared across translation units, or 'static' to express intent to use it local to this translation unit
  (compiling source file 'Material.h')
  
C:\Program Files (x86)\Windows Kits\10\Include\10.0.22621.0\um\DirectXMath.h(274,24): warning C5260: the constant variable 'DirectX::XM_SWIZZLE_W' has internal linkage in an included header file context, but external linkage in imported header unit context; consider declaring it 'inline' as well if it will be shared across translation units, or 'static' to express intent to use it local to this translation unit
  (compiling source file 'Material.h')
  
C:\Program Files (x86)\Windows Kits\10\Include\10.0.22621.0\um\DirectXMath.h(276,24): warning C5260: the constant variable 'DirectX::XM_CRMASK_CR6' has internal linkage in an included header file context, but external linkage in imported header unit context; consider declaring it 'inline' as well if it will be shared across translation units, or 'static' to express intent to use it local to this translation unit
  (compiling source file 'Material.h')
  
C:\Program Files (x86)\Windows Kits\10\Include\10.0.22621.0\um\DirectXMath.h(277,24): warning C5260: the constant variable 'DirectX::XM_CRMASK_CR6TRUE' has internal linkage in an included header file context, but external linkage in imported header unit context; consider declaring it 'inline' as well if it will be shared across translation units, or 'static' to express intent to use it local to this translation unit
  (compiling source file 'Material.h')
  
C:\Program Files (x86)\Windows Kits\10\Include\10.0.22621.0\um\DirectXMath.h(278,24): warning C5260: the constant variable 'DirectX::XM_CRMASK_CR6FALSE' has internal linkage in an included header file context, but external linkage in imported header unit context; consider declaring it 'inline' as well if it will be shared across translation units, or 'static' to express intent to use it local to this translation unit
  (compiling source file 'Material.h')
  
C:\Program Files (x86)\Windows Kits\10\Include\10.0.22621.0\um\DirectXMath.h(279,24): warning C5260: the constant variable 'DirectX::XM_CRMASK_CR6BOUNDS' has internal linkage in an included header file context, but external linkage in imported header unit context; consider declaring it 'inline' as well if it will be shared across translation units, or 'static' to express intent to use it local to this translation unit
  (compiling source file 'Material.h')
  
C:\Program Files (x86)\Windows Kits\10\Include\10.0.22621.0\um\DirectXMath.h(284,22): warning C5260: the constant variable 'DirectX::XM_CACHE_LINE_SIZE' has internal linkage in an included header file context, but external linkage in imported header unit context; consider declaring it 'inline' as well if it will be shared across translation units, or 'static' to express intent to use it local to this translation unit
  (compiling source file 'Material.h')
  
  Camera.cpp
  Game.cpp
  GameEntity.cpp
  Graphics.cpp
  imgui.cpp
  imgui_demo.cpp
  imgui_draw.cpp
  imgui_impl_dx11.cpp
  imgui_impl_win32.cpp
  imgui_tables.cpp
  imgui_widgets.cpp
  Input.cpp
  Main.cpp
  Material.cpp
  Mesh.cpp
  PathHelpers.cpp
  SimpleShader.cpp
  Sky.cpp
  Transform.cpp
  Window.cpp
  Generating Code...
     Creating library E:\School\IGME-540\A11 - Gamma & PBR\x64\Debug\A11_Gamma_PBR.lib and object E:\School\IGME-540\A11 - Gamma & PBR\x64\Debug\A11_Gamma_PBR.exp
  A02_Dear_ImGui.vcxproj -> E:\School\IGME-540\A11 - Gamma & PBR\x64\Debug\A11_Gamma_PBR.exe
