e:\school\igme-540\a13 - post processing\a13_post.499f9319\x64\debug\vc143.pdb
e:\school\igme-540\a13 - post processing\a13_post.499f9319\x64\debug\vc143.idb
e:\school\igme-540\a13 - post processing\a13_post.499f9319\x64\debug\window.obj
e:\school\igme-540\a13 - post processing\a13_post.499f9319\x64\debug\transform.obj
e:\school\igme-540\a13 - post processing\a13_post.499f9319\x64\debug\sky.obj
e:\school\igme-540\a13 - post processing\a13_post.499f9319\x64\debug\simpleshader.obj
e:\school\igme-540\a13 - post processing\a13_post.499f9319\x64\debug\pathhelpers.obj
e:\school\igme-540\a13 - post processing\a13_post.499f9319\x64\debug\mesh.obj
e:\school\igme-540\a13 - post processing\a13_post.499f9319\x64\debug\material.obj
e:\school\igme-540\a13 - post processing\a13_post.499f9319\x64\debug\main.obj
e:\school\igme-540\a13 - post processing\a13_post.499f9319\x64\debug\input.obj
e:\school\igme-540\a13 - post processing\a13_post.499f9319\x64\debug\imgui_widgets.obj
e:\school\igme-540\a13 - post processing\a13_post.499f9319\x64\debug\imgui_tables.obj
e:\school\igme-540\a13 - post processing\a13_post.499f9319\x64\debug\imgui_impl_win32.obj
e:\school\igme-540\a13 - post processing\a13_post.499f9319\x64\debug\imgui_impl_dx11.obj
e:\school\igme-540\a13 - post processing\a13_post.499f9319\x64\debug\imgui_draw.obj
e:\school\igme-540\a13 - post processing\a13_post.499f9319\x64\debug\imgui_demo.obj
e:\school\igme-540\a13 - post processing\a13_post.499f9319\x64\debug\imgui.obj
e:\school\igme-540\a13 - post processing\a13_post.499f9319\x64\debug\graphics.obj
e:\school\igme-540\a13 - post processing\a13_post.499f9319\x64\debug\gameentity.obj
e:\school\igme-540\a13 - post processing\a13_post.499f9319\x64\debug\game.obj
e:\school\igme-540\a13 - post processing\a13_post.499f9319\x64\debug\camera.obj
e:\school\igme-540\a13 - post processing\a13_post.499f9319\x64\debug\material.h.ifc
e:\school\igme-540\a13 - post processing\a13_post.499f9319\x64\debug\material.h.ifc.d.json
e:\school\igme-540\a13 - post processing\a13_post.499f9319\x64\debug\material.h.obj
e:\school\igme-540\a13 - post processing\x64\debug\fancypixelshader.cso
e:\school\igme-540\a13 - post processing\x64\debug\normalpixelshader.cso
e:\school\igme-540\a13 - post processing\x64\debug\pixelshader.cso
e:\school\igme-540\a13 - post processing\x64\debug\shadowmapvertexshader.cso
e:\school\igme-540\a13 - post processing\x64\debug\skypixelshader.cso
e:\school\igme-540\a13 - post processing\x64\debug\skyvertexshader.cso
e:\school\igme-540\a13 - post processing\x64\debug\uvpixelshader.cso
e:\school\igme-540\a13 - post processing\x64\debug\vertexshader.cso
e:\school\igme-540\a13 - post processing\x64\debug\fullscreenvertexshader.cso
e:\school\igme-540\a13 - post processing\x64\debug\pppixelshader.cso
e:\school\igme-540\a13 - post processing\x64\debug\a13_post_processing.exe
e:\school\igme-540\a13 - post processing\x64\debug\a13_post_processing.pdb
e:\school\igme-540\a13 - post processing\a13_post.499f9319\x64\debug\material.h.module.json
e:\school\igme-540\a13 - post processing\x64\debug\a13_post_processing.lib
e:\school\igme-540\a13 - post processing\x64\debug\a13_post_processing.exp
e:\school\igme-540\a13 - post processing\a13_post.499f9319\x64\debug\a13_post_processing.ilk
e:\school\igme-540\a13 - post processing\a13_post.499f9319\x64\debug\a13_post.499f9319.tlog\cl.command.1.tlog
e:\school\igme-540\a13 - post processing\a13_post.499f9319\x64\debug\a13_post.499f9319.tlog\cl.items.tlog
e:\school\igme-540\a13 - post processing\a13_post.499f9319\x64\debug\a13_post.499f9319.tlog\cl.read.1.tlog
e:\school\igme-540\a13 - post processing\a13_post.499f9319\x64\debug\a13_post.499f9319.tlog\cl.write.1.tlog
e:\school\igme-540\a13 - post processing\a13_post.499f9319\x64\debug\a13_post.499f9319.tlog\fxc.command.1.tlog
e:\school\igme-540\a13 - post processing\a13_post.499f9319\x64\debug\a13_post.499f9319.tlog\fxc.read.1.tlog
e:\school\igme-540\a13 - post processing\a13_post.499f9319\x64\debug\a13_post.499f9319.tlog\fxc.write.1.tlog
e:\school\igme-540\a13 - post processing\a13_post.499f9319\x64\debug\a13_post.499f9319.tlog\link.command.1.tlog
e:\school\igme-540\a13 - post processing\a13_post.499f9319\x64\debug\a13_post.499f9319.tlog\link.read.1.tlog
e:\school\igme-540\a13 - post processing\a13_post.499f9319\x64\debug\a13_post.499f9319.tlog\link.secondary.1.tlog
e:\school\igme-540\a13 - post processing\a13_post.499f9319\x64\debug\a13_post.499f9319.tlog\link.write.1.tlog
e:\school\igme-540\a13 - post processing\a13_post.499f9319\x64\debug\a13_post.499f9319_md.tlog\cl.command.1.tlog
e:\school\igme-540\a13 - post processing\a13_post.499f9319\x64\debug\a13_post.499f9319_md.tlog\microsoft.build.cpptasks.cl.read.1.tlog
e:\school\igme-540\a13 - post processing\a13_post.499f9319\x64\debug\a13_post.499f9319_md.tlog\microsoft.build.cpptasks.cl.write.1.tlog
