e:\school\igme-540\a07 - 3d models\a07_models\x64\debug\vc143.pdb
e:\school\igme-540\a07 - 3d models\a07_models\x64\debug\vc143.idb
e:\school\igme-540\a07 - 3d models\a07_models\x64\debug\window.obj
e:\school\igme-540\a07 - 3d models\a07_models\x64\debug\transform.obj
e:\school\igme-540\a07 - 3d models\a07_models\x64\debug\simpleshader.obj
e:\school\igme-540\a07 - 3d models\a07_models\x64\debug\pathhelpers.obj
e:\school\igme-540\a07 - 3d models\a07_models\x64\debug\mesh.obj
e:\school\igme-540\a07 - 3d models\a07_models\x64\debug\main.obj
e:\school\igme-540\a07 - 3d models\a07_models\x64\debug\input.obj
e:\school\igme-540\a07 - 3d models\a07_models\x64\debug\imgui_widgets.obj
e:\school\igme-540\a07 - 3d models\a07_models\x64\debug\imgui_tables.obj
e:\school\igme-540\a07 - 3d models\a07_models\x64\debug\imgui_impl_win32.obj
e:\school\igme-540\a07 - 3d models\a07_models\x64\debug\imgui_impl_dx11.obj
e:\school\igme-540\a07 - 3d models\a07_models\x64\debug\imgui_draw.obj
e:\school\igme-540\a07 - 3d models\a07_models\x64\debug\imgui_demo.obj
e:\school\igme-540\a07 - 3d models\a07_models\x64\debug\imgui.obj
e:\school\igme-540\a07 - 3d models\a07_models\x64\debug\graphics.obj
e:\school\igme-540\a07 - 3d models\a07_models\x64\debug\gameentity.obj
e:\school\igme-540\a07 - 3d models\a07_models\x64\debug\camera.obj
e:\school\igme-540\a07 - 3d models\a07_models\x64\debug\game.obj
e:\school\igme-540\a07 - 3d models\a07_models\x64\debug\material.h.ifc
e:\school\igme-540\a07 - 3d models\a07_models\x64\debug\material.h.ifc.d.json
e:\school\igme-540\a07 - 3d models\a07_models\x64\debug\material.h.obj
e:\school\igme-540\a07 - 3d models\x64\debug\pixelshader.cso
e:\school\igme-540\a07 - 3d models\x64\debug\vertexshader.cso
e:\school\igme-540\a07 - 3d models\x64\debug\a07_models.exe
e:\school\igme-540\a07 - 3d models\x64\debug\a07_models.pdb
e:\school\igme-540\a07 - 3d models\a07_models\x64\debug\material.h.module.json
e:\school\igme-540\a07 - 3d models\x64\debug\a07_models.lib
e:\school\igme-540\a07 - 3d models\x64\debug\a07_models.exp
e:\school\igme-540\a07 - 3d models\a07_models\x64\debug\a07_models.ilk
e:\school\igme-540\a07 - 3d models\a07_models\x64\debug\material.obj
e:\school\igme-540\a07 - 3d models\a07_models\x64\debug\a07_models.tlog\cl.command.1.tlog
e:\school\igme-540\a07 - 3d models\a07_models\x64\debug\a07_models.tlog\cl.items.tlog
e:\school\igme-540\a07 - 3d models\a07_models\x64\debug\a07_models.tlog\cl.read.1.tlog
e:\school\igme-540\a07 - 3d models\a07_models\x64\debug\a07_models.tlog\cl.write.1.tlog
e:\school\igme-540\a07 - 3d models\a07_models\x64\debug\a07_models.tlog\fxc.command.1.tlog
e:\school\igme-540\a07 - 3d models\a07_models\x64\debug\a07_models.tlog\fxc.read.1.tlog
e:\school\igme-540\a07 - 3d models\a07_models\x64\debug\a07_models.tlog\fxc.write.1.tlog
e:\school\igme-540\a07 - 3d models\a07_models\x64\debug\a07_models.tlog\link.command.1.tlog
e:\school\igme-540\a07 - 3d models\a07_models\x64\debug\a07_models.tlog\link.read.1.tlog
e:\school\igme-540\a07 - 3d models\a07_models\x64\debug\a07_models.tlog\link.secondary.1.tlog
e:\school\igme-540\a07 - 3d models\a07_models\x64\debug\a07_models.tlog\link.write.1.tlog
e:\school\igme-540\a07 - 3d models\a07_models\x64\debug\a07_models_md.tlog\cl.command.1.tlog
e:\school\igme-540\a07 - 3d models\a07_models\x64\debug\a07_models_md.tlog\microsoft.build.cpptasks.cl.read.1.tlog
e:\school\igme-540\a07 - 3d models\a07_models\x64\debug\a07_models_md.tlog\microsoft.build.cpptasks.cl.write.1.tlog
